-------------------------------------------------------------------------------
Test set: com.bolsadeideas.springboot.app.SpringBootWebDataJpaApplicationTests
-------------------------------------------------------------------------------
Tests run: 1, Failures: 0, Errors: 1, Skipped: 0, Time elapsed: 0.847 s <<< FAILURE! - in com.bolsadeideas.springboot.app.SpringBootWebDataJpaApplicationTests
com.bolsadeideas.springboot.app.SpringBootWebDataJpaApplicationTests  Time elapsed: 0.845 s  <<< ERROR!
java.lang.IllegalStateException: Unable to find a @SpringBootConfiguration, you need to use @ContextConfiguration or @SpringBootTest(classes=...) with your test

