<?xml version="1.0" encoding="UTF-8"?>
<testsuite xmlns:xsi="http://www.w3.org/2001/XMLSchema-instance" xsi:noNamespaceSchemaLocation="https://maven.apache.org/surefire/maven-surefire-plugin/xsd/surefire-test-report.xsd" name="com.bolsadeideas.springboot.app.SpringBootWebDataJpaApplicationTests" time="0.847" tests="1" errors="1" skipped="0" failures="0">
  <properties>
[...]
</properties>
  <testcase name="com.bolsadeideas.springboot.app.SpringBootWebDataJpaApplicationTests" classname="com.bolsadeideas.springboot.app.SpringBootWebDataJpaApplicationTests" time="0.845">
    <error message="Unable to find a @SpringBootConfiguration, you need to use @ContextConfiguration or @SpringBootTest(classes=...) with your test" type="java.lang.IllegalStateException">java.lang.IllegalStateException: Unable to find a @SpringBootConfiguration, you need to use @ContextConfiguration or @SpringBootTest(classes=...) with your test
</error>
    <system-out><![CDATA[11:05:51.029 [main] DEBUG org.springframework.test.context.BootstrapUtils - Instantiating CacheAwareContextLoaderDelegate from class [org.springframework.test.context.cache.DefaultCacheAwareContextLoaderDelegate]
11:05:51.065 [main] DEBUG org.springframework.test.context.BootstrapUtils - Instantiating BootstrapContext using constructor [public org.springframework.test.context.support.DefaultBootstrapContext(java.lang.Class,org.springframework.test.context.CacheAwareContextLoaderDelegate)]
11:05:51.159 [main] DEBUG org.springframework.test.context.BootstrapUtils - Instantiating TestContextBootstrapper for test class [com.bolsadeideas.springboot.app.SpringBootWebDataJpaApplicationTests] from class [org.springframework.boot.test.context.SpringBootTestContextBootstrapper]
11:05:51.201 [main] INFO org.springframework.boot.test.context.SpringBootTestContextBootstrapper - Neither @ContextConfiguration nor @ContextHierarchy found for test class [com.bolsadeideas.springboot.app.SpringBootWebDataJpaApplicationTests], using SpringBootContextLoader
11:05:51.211 [main] DEBUG org.springframework.test.context.support.AbstractContextLoader - Did not detect default resource location for test class [com.bolsadeideas.springboot.app.SpringBootWebDataJpaApplicationTests]: class path resource [com/bolsadeideas/springboot/app/SpringBootWebDataJpaApplicationTests-context.xml] does not exist
11:05:51.212 [main] DEBUG org.springframework.test.context.support.AbstractContextLoader - Did not detect default resource location for test class [com.bolsadeideas.springboot.app.SpringBootWebDataJpaApplicationTests]: class path resource [com/bolsadeideas/springboot/app/SpringBootWebDataJpaApplicationTestsContext.groovy] does not exist
11:05:51.214 [main] INFO org.springframework.test.context.support.AbstractContextLoader - Could not detect default resource locations for test class [com.bolsadeideas.springboot.app.SpringBootWebDataJpaApplicationTests]: no resource found for suffixes {-context.xml, Context.groovy}.
11:05:51.216 [main] INFO org.springframework.test.context.support.AnnotationConfigContextLoaderUtils - Could not detect default configuration classes for test class [com.bolsadeideas.springboot.app.SpringBootWebDataJpaApplicationTests]: SpringBootWebDataJpaApplicationTests does not declare any static, non-private, non-final, nested classes annotated with @Configuration.
11:05:51.325 [main] DEBUG org.springframework.test.context.support.ActiveProfilesUtils - Could not find an 'annotation declaring class' for annotation type [org.springframework.test.context.ActiveProfiles] and class [com.bolsadeideas.springboot.app.SpringBootWebDataJpaApplicationTests]
11:05:51.500 [main] DEBUG org.springframework.test.context.BootstrapUtils - Instantiating CacheAwareContextLoaderDelegate from class [org.springframework.test.context.cache.DefaultCacheAwareContextLoaderDelegate]
11:05:51.501 [main] DEBUG org.springframework.test.context.BootstrapUtils - Instantiating BootstrapContext using constructor [public org.springframework.test.context.support.DefaultBootstrapContext(java.lang.Class,org.springframework.test.context.CacheAwareContextLoaderDelegate)]
11:05:51.502 [main] DEBUG org.springframework.test.context.BootstrapUtils - Instantiating TestContextBootstrapper for test class [com.bolsadeideas.springboot.app.SpringBootWebDataJpaApplicationTests] from class [org.springframework.boot.test.context.SpringBootTestContextBootstrapper]
11:05:51.505 [main] INFO org.springframework.boot.test.context.SpringBootTestContextBootstrapper - Neither @ContextConfiguration nor @ContextHierarchy found for test class [com.bolsadeideas.springboot.app.SpringBootWebDataJpaApplicationTests], using SpringBootContextLoader
11:05:51.509 [main] DEBUG org.springframework.test.context.support.AbstractContextLoader - Did not detect default resource location for test class [com.bolsadeideas.springboot.app.SpringBootWebDataJpaApplicationTests]: class path resource [com/bolsadeideas/springboot/app/SpringBootWebDataJpaApplicationTests-context.xml] does not exist
11:05:51.510 [main] DEBUG org.springframework.test.context.support.AbstractContextLoader - Did not detect default resource location for test class [com.bolsadeideas.springboot.app.SpringBootWebDataJpaApplicationTests]: class path resource [com/bolsadeideas/springboot/app/SpringBootWebDataJpaApplicationTestsContext.groovy] does not exist
11:05:51.510 [main] INFO org.springframework.test.context.support.AbstractContextLoader - Could not detect default resource locations for test class [com.bolsadeideas.springboot.app.SpringBootWebDataJpaApplicationTests]: no resource found for suffixes {-context.xml, Context.groovy}.
11:05:51.512 [main] INFO org.springframework.test.context.support.AnnotationConfigContextLoaderUtils - Could not detect default configuration classes for test class [com.bolsadeideas.springboot.app.SpringBootWebDataJpaApplicationTests]: SpringBootWebDataJpaApplicationTests does not declare any static, non-private, non-final, nested classes annotated with @Configuration.
11:05:51.515 [main] DEBUG org.springframework.test.context.support.ActiveProfilesUtils - Could not find an 'annotation declaring class' for annotation type [org.springframework.test.context.ActiveProfiles] and class [com.bolsadeideas.springboot.app.SpringBootWebDataJpaApplicationTests]
11:05:51.562 [main] DEBUG org.springframework.test.context.BootstrapUtils - Instantiating CacheAwareContextLoaderDelegate from class [org.springframework.test.context.cache.DefaultCacheAwareContextLoaderDelegate]
11:05:51.563 [main] DEBUG org.springframework.test.context.BootstrapUtils - Instantiating BootstrapContext using constructor [public org.springframework.test.context.support.DefaultBootstrapContext(java.lang.Class,org.springframework.test.context.CacheAwareContextLoaderDelegate)]
11:05:51.565 [main] DEBUG org.springframework.test.context.BootstrapUtils - Instantiating TestContextBootstrapper for test class [com.bolsadeideas.springboot.app.SpringBootWebDataJpaApplicationTests] from class [org.springframework.boot.test.context.SpringBootTestContextBootstrapper]
11:05:51.586 [main] INFO org.springframework.boot.test.context.SpringBootTestContextBootstrapper - Neither @ContextConfiguration nor @ContextHierarchy found for test class [com.bolsadeideas.springboot.app.SpringBootWebDataJpaApplicationTests], using SpringBootContextLoader
11:05:51.589 [main] DEBUG org.springframework.test.context.support.AbstractContextLoader - Did not detect default resource location for test class [com.bolsadeideas.springboot.app.SpringBootWebDataJpaApplicationTests]: class path resource [com/bolsadeideas/springboot/app/SpringBootWebDataJpaApplicationTests-context.xml] does not exist
11:05:51.592 [main] DEBUG org.springframework.test.context.support.AbstractContextLoader - Did not detect default resource location for test class [com.bolsadeideas.springboot.app.SpringBootWebDataJpaApplicationTests]: class path resource [com/bolsadeideas/springboot/app/SpringBootWebDataJpaApplicationTestsContext.groovy] does not exist
11:05:51.592 [main] INFO org.springframework.test.context.support.AbstractContextLoader - Could not detect default resource locations for test class [com.bolsadeideas.springboot.app.SpringBootWebDataJpaApplicationTests]: no resource found for suffixes {-context.xml, Context.groovy}.
11:05:51.593 [main] INFO org.springframework.test.context.support.AnnotationConfigContextLoaderUtils - Could not detect default configuration classes for test class [com.bolsadeideas.springboot.app.SpringBootWebDataJpaApplicationTests]: SpringBootWebDataJpaApplicationTests does not declare any static, non-private, non-final, nested classes annotated with @Configuration.
11:05:51.598 [main] DEBUG org.springframework.test.context.support.ActiveProfilesUtils - Could not find an 'annotation declaring class' for annotation type [org.springframework.test.context.ActiveProfiles] and class [com.bolsadeideas.springboot.app.SpringBootWebDataJpaApplicationTests]
]]></system-out>
  </testcase>
</testsuite>